Result,Delay (ms),HTTP requests
PLANNING,108.38586599999996,2
1,4151.457334999999,1005
2,4151.511617,1005
3,4151.5284790000005,1005
4,4991.928760000001,1186
5,4991.979396000001,1186
6,6706.862412,1414
7,6706.903087999999,1414
8,6706.931943,1414
9,9118.671567,1794
10,9118.751618,1794
11,9118.804026,1794
12,9118.881613,1794
13,9119.246691,1794
14,9119.273691999999,1794
15,9119.295172,1794
16,9119.30985,1794
17,9893.042008999999,1807
18,9893.059271,1807
19,9893.066294,1807
20,9893.073016999999,1807
21,9893.217068,1807
22,9893.224252,1807
23,9893.231034999999,1807
24,9893.236805999999,1807
25,9893.380797,1807
26,9893.389573999999,1807
27,9893.394844,1807
28,9893.400082999999,1807
29,9893.729443999999,1807
30,9893.740995999999,1807
31,9893.747217999999,1807
32,9893.753128999999,1807
33,9893.936354,1807
34,9893.944239,1807
35,9893.949618999999,1807
36,9893.954958999999,1807
37,9894.030832,1807
38,9894.037545,1807
39,9894.042835,1807
40,9894.048015,1807
41,9894.138374999999,1807
42,9894.144397,1807
43,9894.149877,1807
44,9894.155316999999,1807
45,9894.328574,1807
46,9894.342219,1807
47,9894.351497,1807
48,9894.356516,1807
49,9894.431858,1807
50,9894.438691,1807
51,9894.443951,1807
52,9894.450042999999,1807
53,9894.8944,1807
54,9894.919076999999,1807
55,9894.925188,1807
56,10875.792812,1888
57,10875.811647999999,1888
58,10875.819271999999,1888
59,10875.825915,1888
60,10875.867693,1888
61,10875.874656,1888
62,10875.881809999999,1888
63,10875.887891,1888
64,10876.034668,1888
65,10876.043614999999,1888
66,10876.049777,1888
67,10876.055928,1888
68,11349.140491999999,1894
69,11349.155761,1894
70,11349.162444,1894
71,11349.167422999999,1894
72,11349.445496999999,1894
73,11349.455265999999,1894
74,11349.460766,1894
75,11349.470585,1894
76,11744.916521,1900
77,11744.937931999999,1900
78,11744.943803,1900
79,11744.949213,1900
80,11744.978979,1900
81,11744.984179,1900
82,11744.989248,1900
83,11744.994607999999,1900
84,11745.063789,1900
85,11745.070612,1900
86,11745.075481,1900
87,11745.08009,1900
88,11745.126798,1900
89,11745.131906999999,1900
90,11745.136456,1900
91,11745.141115,1900
92,11745.189715999999,1900
93,11745.195337,1900
94,11745.199805,1900
95,11745.204274,1900
96,11745.24484,1900
97,11745.251583,1900
98,11745.256542,1900
99,11745.261531999999,1900
100,11745.305564999999,1900
101,11745.312528,1900
102,11745.317818,1900
103,11745.322656999999,1900
104,11745.361429999999,1900
105,11745.36658,1900
106,11745.370977999999,1900
107,11745.375476,1900
108,12331.836512,1926
109,12331.861549,1926
110,12654.081857,1926
111,12654.106662999999,1926
112,12654.113226,1926
113,12654.121662,1926
114,12654.707105,1926
115,12654.716563,1926
116,12654.722254,1926
117,13351.106601,1966
118,13351.149792999999,1966
119,13351.16425,1966
120,13351.175151,1966
121,13351.498379999999,1966
122,14585.121218,2022
123,14585.144312,2022
124,14585.150183,2022
125,15206.798944,2052
126,15206.818732,2052
127,15206.826747,2052
128,15206.835293,2052
129,15207.143613999999,2052
130,15718.836851999999,2056
131,15718.871688000001,2056
132,15718.88329,2056
133,15718.892607,2056
134,15719.066094,2056
135,15719.076493999999,2056
136,15719.088126,2056
137,15719.097293,2056
138,15719.524368,2056
139,15719.536201,2056
140,15719.544767000001,2056
141,15719.553763999998,2056
142,16419.181843000002,2068
143,16419.200188000003,2068
144,16419.207442000003,2068
145,16419.211890000002,2068
146,16419.424721000003,2068
147,16419.432716000003,2068
148,16419.438006,2068
149,16419.443647,2068
150,17235.750482000003,2071
151,17235.768476,2071
152,17235.776832,2071
153,17235.783064000003,2071
154,17236.070185,2071
155,17236.079162,2071
156,17236.086536000003,2071
157,17236.090944,2071
158,17677.653767,2103
159,17677.67118,2103
160,17677.700786,2103
161,17677.710284,2103
162,17677.913637,2103
163,17677.92066,2103
164,17677.94709,2103
165,17677.952240000002,2103
166,17847.354268000003,2108
167,17847.395736000002,2108
168,17847.413539,2108
169,17847.462281,2108
170,17847.517976000003,2108
171,17847.529197,2108
172,17847.538585000002,2108
173,17847.570135,2108
174,17847.777265,2108
175,17847.791502,2108
176,17847.800539,2108
177,17847.815267,2108
178,17847.996689,2108
179,17848.009212,2108
180,17848.017468000002,2108
181,17848.027527000002,2108
182,17848.149316000003,2108
183,17848.160738000002,2108
184,17848.169975,2108
185,17848.180866000002,2108
186,17848.546405,2108
187,17848.556684000003,2108
188,17848.561854,2108
189,17848.566793,2108
190,18105.565839000003,2119
191,18105.584073,2119
192,18105.591918000002,2119
193,18105.597418,2119
194,18105.828624,2119
195,18105.834876,2119
196,18105.840036,2119
197,18105.855896,2119
198,18106.106999,2119
199,18106.118731000002,2119
200,18106.125323,2119
201,18106.131445000003,2119
202,18106.702902,2119
203,18106.713823000002,2119
204,18106.721507000002,2119
205,18106.726958000003,2119
206,18477.276583000003,2119
207,18477.294957000002,2119
208,18477.305317000002,2119
209,18477.315807000003,2119
210,18477.382703000003,2119
211,18477.387882000003,2119
212,18477.394265000003,2119
213,18477.398963,2119
214,18477.525392,2119
215,18477.533307,2119
216,18477.538166000002,2119
217,18477.542534,2119
218,18477.648093,2119
219,18477.654034000003,2119
220,18477.658553,2119
221,18477.663863,2119
222,18739.822524000003,2140
223,18739.836751000003,2140
224,18739.842251000002,2140
225,18739.871937,2140
226,19063.944103,2153
227,19063.957268000002,2153
228,19063.962718000002,2153
229,19063.969411000002,2153
230,19064.017151,2153
231,19064.022922,2153
232,19064.028953,2153
233,19064.035906,2153
234,19064.295476000003,2153
235,19064.301818,2153
236,19064.307358000002,2153
237,19064.312177,2153
238,19064.392498,2153
239,19064.398289,2153
240,19064.401796000002,2153
241,19064.406184000003,2153
242,19273.530087000003,2165
243,19273.546848,2165
244,19273.552639,2165
245,19273.557378,2165
246,19273.591743,2165
247,19273.597203,2165
248,19273.601912000002,2165
249,19273.607963000002,2165
250,19444.638611000002,2165
251,19444.653870000002,2165
252,19444.659851,2165
253,19444.66472,2165
254,19447.001635,2165
255,19447.010852000003,2165
256,19447.015461000003,2165
257,19447.019519,2165
258,19728.672456,2202
259,19728.699447000003,2202
260,19728.707512,2202
261,19728.714044,2202
262,20019.913416000003,2203
263,20019.932252000002,2203
264,20019.940738,2203
265,20019.947971,2203
266,20020.075902,2203
267,20020.088075,2203
268,20020.098124,2203
269,20020.111339000003,2203
270,20020.317608,2203
271,20020.334720000003,2203
272,20020.344158,2203
273,20020.35034,2203
274,20020.413409,2203
275,20020.421353,2203
276,20020.427605,2203
277,20020.434358000002,2203
278,20020.502907000002,2203
279,20020.511463000003,2203
280,20020.518076,2203
281,20020.52557,2203
282,20020.597876,2203
283,20020.609288,2203
284,20020.614838,2203
285,20020.620339,2203
286,20020.679059000002,2203
287,20020.687826,2203
288,20020.695851,2203
289,20020.701882,2203
290,20021.027987,2203
291,20021.036753,2203
292,20021.042595000003,2203
293,20021.049778,2203
294,20168.33697,2226
295,20168.352509,2226
296,20168.359212000003,2226
297,20168.366165000003,2226
298,20168.662954000003,2226
299,20168.675057,2226
300,20168.68183,2226
301,20168.686719,2226
302,20168.922403,2226
303,20168.934476000002,2226
304,20168.94183,2226
305,20168.94701,2226
306,20169.479123,2226
307,20169.489011,2226
308,20169.495704,2226
309,20169.502497,2226
310,20169.90755,2226
311,20169.920174000003,2226
312,20169.929271,2226
313,20169.941264,2226
314,20170.122235000003,2226
315,20170.133556,2226
316,20170.141361,2226
317,20170.148404,2226
318,20170.276255,2226
319,20170.282858000002,2226
320,20170.289039000003,2226
321,20170.296002000003,2226
322,20170.627938,2226
323,20170.635593000003,2226
324,20170.640382,2226
325,20170.645982000002,2226
326,20170.740009,2226
327,20170.746512,2226
328,20170.751671,2226
329,20170.756901,2226
330,20171.090189000002,2226
331,20171.097613,2226
332,20171.103615,2226
333,20171.109656,2226
334,20171.175610000002,2226
335,20171.182303,2226
336,20171.187693,2226
337,20171.192673,2226
338,20171.266852,2226
339,20171.273465000002,2226
340,20171.280418000002,2226
341,20171.286019000003,2226
342,20171.828361,2226
343,20171.836887,2226
344,20171.842027000002,2226
345,20171.861533000003,2226
346,20172.074244000003,2226
347,20172.085666000003,2226
348,20172.098731000002,2226
349,20172.111334,2226
350,20172.376163,2226
351,20172.382776000002,2226
352,20172.390300000003,2226
353,20172.397664,2226
354,20426.242213,2236
355,20426.261409000002,2236
356,20426.269885,2236
357,20426.274784,2236
358,20426.308247,2236
359,20426.314379000003,2236
360,20426.319599000002,2236
361,20426.324498,2236
362,20426.444504000003,2236
363,20426.451137,2236
364,20426.458290000002,2236
365,20426.465995000002,2236
366,20426.529975,2236
367,20426.536828,2236
368,20426.541888,2236
369,20426.546336000003,2236
370,20426.588275000002,2236
371,20426.594096,2236
372,20426.599066000002,2236
373,20426.603544,2236
374,20426.654580000002,2236
375,20426.661082000002,2236
376,20426.665441,2236
377,20426.671252,2236
378,20426.70763,2236
379,20426.712740000003,2236
380,20426.717138,2236
381,20426.722067000002,2236
382,20426.759618,2236
383,20426.765139000003,2236
384,20426.769807,2236
385,20426.775208000003,2236
386,20426.836403,2236
387,20426.841873,2236
388,20426.859306000002,2236
389,20426.864386,2236
390,20426.9146,2236
391,20426.920001000002,2236
392,20426.928096,2236
393,20426.934488000003,2236
394,20426.974543,2236
395,20426.979603,2236
396,20426.984041,2236
397,20426.989011,2236
398,20427.026081,2236
399,20427.031290000003,2236
400,20427.036691,2236
401,20427.041189,2236
402,20427.079812,2236
403,20427.097315000003,2236
404,20427.103076000003,2236
405,20427.108305,2236
406,20427.149633,2236
407,20427.154883000003,2236
408,20427.159853,2236
409,20427.171935000002,2236
410,20427.234093000003,2236
411,20427.272255,2236
412,20427.279979000003,2236
413,20427.284297000002,2236
414,20427.66227,2236
415,20427.670235,2236
416,20427.674483000003,2236
417,20427.679913,2236
418,20603.206415,2236
419,20603.223577,2236
420,20603.23038,2236
421,20603.234868,2236
422,20603.255397,2236
423,20603.260186,2236
424,20603.264194000003,2236
425,20603.269303,2236
426,20603.373740000003,2236
427,20603.379802000003,2236
428,20603.384631,2236
429,20603.389179,2236
430,20603.425137000002,2236
431,20603.430467000002,2236
432,20603.434795,2236
433,20603.438963,2236
434,20603.471264,2236
435,20603.477786000003,2236
436,20603.482105000003,2236
437,20603.486393000003,2236
438,20603.517912000003,2236
439,20603.524725000003,2236
440,20603.538200000003,2236
441,20603.542458,2236
442,20603.576082,2236
443,20603.580670000003,2236
444,20603.584928,2236
445,20603.589226,2236
446,20603.619494000002,2236
447,20603.624032,2236
448,20603.628080000002,2236
449,20603.631947,2236
450,20603.665350000003,2236
451,20603.669828000002,2236
452,20603.674357,2236
453,20603.678284,2236
454,20603.740061,2236
455,20603.746713,2236
456,20603.752304,2236
457,20603.756191,2236
458,20603.862862,2236
459,20603.872631000002,2236
460,20603.876919000002,2236
461,20603.881487000002,2236
462,20603.917185000002,2236
463,20603.922164,2236
464,20603.926793000002,2236
465,20603.931582,2236
466,20603.981967,2236
467,20603.987217,2236
468,20603.991785000002,2236
469,20603.996254,2236
470,20604.030699000003,2236
471,20604.035107,2236
472,20604.039094,2236
473,20604.043162,2236
474,20604.086965000002,2236
475,20604.092986,2236
476,20604.097725,2236
477,20604.102314,2236
478,20604.189698000002,2236
479,20604.195750000003,2236
480,20604.199948,2236
481,20604.209546000002,2236
482,20715.593741,2236
483,20715.608209,2236
484,20715.615012000002,2236
485,20715.620873,2236
486,20809.807391000002,2236
487,20809.825515,2236
488,20809.830946000002,2236
489,20809.835725,2236
490,20809.864419,2236
491,20809.869749,2236
492,20809.874478,2236
493,20809.88128,2236
494,20809.991759,2236
495,20809.999433,2236
496,20810.004793,2236
497,20810.009472,2236
498,20810.046702,2236
499,20810.052463,2236
500,20810.056350000003,2236
501,20810.060568,2236
502,20810.135379000003,2236
503,20810.194461000003,2236
504,20810.199981,2236
505,20810.2048,2236
506,20810.260084,2236
507,20810.265685000002,2236
508,20810.270103000003,2236
509,20810.280974,2236
510,20810.332270000003,2236
511,20810.370072,2236
512,20810.375632000003,2236
513,20810.380481,2236
514,20810.461795000003,2236
515,20810.467866000003,2236
516,20810.471964,2236
517,20810.476082,2236
518,20810.538579,2236
519,20810.54447,2236
520,20810.548819,2236
521,20810.553527,2236
522,20810.591900000003,2236
523,20810.599043000002,2236
524,20810.603401,2236
525,20810.607629000002,2236
526,20810.665729,2236
527,20810.671009,2236
528,20810.675968,2236
529,20810.680326,2236
530,20810.716935,2236
531,20810.735230000002,2236
532,20810.740981000003,2236
533,20810.747012,2236
534,20810.782489,2236
535,20810.787709,2236
536,20810.792107,2236
537,20810.797257000002,2236
538,20810.837513000002,2236
539,20810.842432,2236
540,20810.853252,2236
541,20810.858773,2236
542,20810.917213,2236
543,20810.922132,2236
544,20810.92623,2236
545,20810.931350000003,2236
546,20811.120276,2236
547,20811.124704,2236
548,20811.129894,2236
549,20811.139813,2236
550,20926.104688000003,2236
551,20926.124655,2236
552,20926.130056,2236
553,20926.134614000002,2236
554,20926.157167,2236
555,20926.161725,2236
556,20926.166083,2236
557,20926.171313000003,2236
558,20926.274959000002,2236
559,20926.28098,2236
560,20926.285198,2236
561,20926.292892,2236
562,20926.346433000002,2236
563,20926.351723,2236
564,20926.355581,2236
565,20926.359568,2236
566,20926.395045,2236
567,20926.399213,2236
568,20926.40322,2236
569,20926.407348,2236
570,20926.442374000002,2236
571,20926.446682,2236
572,20926.450209000002,2236
573,20926.455619,2236
574,20926.486638000002,2236
575,20926.491206000002,2236
576,20926.495104,2236
577,20926.499422,2236
578,20926.529739,2236
579,20926.534207,2236
580,20926.537974000003,2236
581,20926.541561000002,2236
582,20926.578501,2236
583,20926.582949,2236
584,20926.587277000002,2236
585,20926.591014,2236
586,20926.623936,2236
587,20926.628665,2236
588,20926.632733000002,2236
589,20926.63646,2236
590,20926.665856,2236
591,20926.669783,2236
592,20926.674792,2236
593,20926.67885,2236
594,20926.709267000002,2236
595,20926.715078,2236
596,20926.719176000002,2236
597,20926.727993,2236
598,20926.762608,2236
599,20926.767778,2236
600,20926.772136,2236
601,20926.775823,2236
602,20926.811971000003,2236
603,20926.815978000002,2236
604,20926.819615,2236
605,20926.826619000003,2236
606,21092.863182,2236
607,21092.878551,2236
608,21092.88344,2236
609,21092.889261,2236
610,21093.188104,2236
611,21093.193545000002,2236
612,21093.199175,2236
613,21093.202692000003,2236
614,21230.658963,2298
615,21230.676085000003,2298
616,21230.681665,2298
617,21230.686665,2298
618,21230.712053000003,2298
619,21230.719517,2298
620,21230.724957000002,2298
621,21230.730968,2298
622,21230.820066,2298
623,21230.826368000002,2298
624,21230.836197,2298
625,21230.840875,2298
626,21230.899015000003,2298
627,21230.905367000003,2298
628,21230.910036,2298
629,21230.914504,2298
630,21230.97061,2298
631,21230.976431000003,2298
632,21230.980759000002,2298
633,21230.986149,2298
634,21231.030012000003,2298
635,21231.034701,2298
636,21231.039179000003,2298
637,21231.043137,2298
638,21231.079726,2298
639,21231.084956000002,2298
640,21231.088983,2298
641,21231.093321,2298
642,21231.12988,2298
643,21231.134399000002,2298
644,21231.138206,2298
645,21231.142494,2298
646,21231.181057,2298
647,21231.186126,2298
648,21231.190004,2298
649,21231.194382,2298
650,21231.231722,2298
651,21231.237263000003,2298
652,21231.241921,2298
653,21231.246290000003,2298
654,21231.283029000002,2298
655,21231.28869,2298
656,21231.293128,2298
657,21231.297917,2298
658,21231.335518,2298
659,21231.340457000002,2298
660,21231.345958,2298
661,21231.351819,2298
662,21231.389079,2298
663,21231.393307000002,2298
664,21231.397394,2298
665,21231.401432000002,2298
666,21231.438452000002,2298
667,21231.442610000002,2298
668,21231.446677,2298
669,21231.451897000003,2298
670,21231.507843000003,2298
671,21231.513473000003,2298
672,21231.517561,2298
673,21231.523051,2298
674,21231.708000000002,2298
675,21231.71322,2298
676,21231.719161,2298
677,21231.723139,2298
678,21405.971201,2298
679,21405.997941,2298
680,21406.0029,2298
681,21406.007028,2298
682,21406.027026,2298
683,21406.031294,2298
684,21406.035321000003,2298
685,21406.03982,2298
686,21406.12499,2298
687,21406.144227,2298
688,21406.152422000003,2298
689,21406.158163,2298
690,21406.219669000002,2298
691,21406.226522,2298
692,21406.233004,2298
693,21406.239967,2298
694,21406.319387,2298
695,21406.325989,2298
696,21406.332021000002,2298
697,21406.337621000002,2298
698,21406.412472,2298
699,21406.419766000003,2298
700,21406.431558,2298
701,21406.443431,2298
702,21406.507201,2298
703,21406.515456,2298
704,21406.525676,2298
705,21406.531386000002,2298
706,21406.585108000003,2298
707,21406.600056000003,2298
708,21406.608873,2298
709,21406.615235,2298
710,21406.669807000002,2298
711,21406.684295000003,2298
712,21406.690116,2298
713,21406.696969,2298
714,21406.758114,2298
715,21406.768373000003,2298
716,21406.773633,2298
717,21406.779194000002,2298
718,21406.834117000002,2298
719,21406.841561,2298
720,21406.854095000002,2298
721,21406.860627000002,2298
722,21406.913807,2298
723,21406.919789,2298
724,21406.925489,2298
725,21406.932523,2298
726,21406.997495,2298
727,21407.003907000002,2298
728,21407.008826,2298
729,21407.014497,2298
730,21564.179298000003,2298
731,21564.191861000003,2298
732,21564.197081000002,2298
733,21564.202311,2298
734,21564.310896000003,2298
735,21564.318069,2298
736,21564.323780000002,2298
737,21564.330733000003,2298
738,21564.578370000003,2298
739,21564.587036,2298
740,21564.609469000003,2298
741,21564.616782,2298
742,21705.972473,2298
743,21705.984586000002,2298
744,21705.990918,2298
745,21705.995617,2298
746,21706.016877000002,2298
747,21706.023579,2298
748,21706.02908,2298
749,21706.046503,2298
750,21706.150388000002,2298
751,21706.157732,2298
752,21706.163764,2298
753,21706.170076000002,2298
754,21706.225069,2298
755,21706.231692,2298
756,21706.238204,2298
757,21706.243775000003,2298
758,21706.350335000003,2298
759,21706.357248,2298
760,21706.361757000002,2298
761,21706.36848,2298
762,21706.445244000002,2298
763,21706.452097,2298
764,21706.457908,2298
765,21706.463348,2298
766,21706.524724000003,2298
767,21706.531637,2298
768,21706.537318000002,2298
769,21706.544592000002,2298
770,21706.611347000002,2298
771,21706.618912,2298
772,21706.657705,2298
773,21706.663666,2298
774,21706.728148000002,2298
775,21706.735832000002,2298
776,21706.742144,2298
777,21706.750299000003,2298
778,21706.806966,2298
779,21706.813729,2298
780,21706.820021,2298
781,21706.826042,2298
782,21706.890153,2298
783,21706.897587000003,2298
784,21706.90475,2298
785,21706.912124000002,2298
786,21706.978469,2298
787,21706.985573,2298
788,21706.992285,2298
789,21706.997475,2298
790,21707.073468000002,2298
791,21707.082345000003,2298
792,21707.088487,2298
793,21707.094047000002,2298
794,21707.166233,2298
795,21707.173777,2298
796,21707.182304,2298
797,21707.187604000002,2298
798,21707.248458000002,2298
799,21707.257475000002,2298
800,21707.265871,2298
801,21707.272273000002,2298
802,21707.567429000002,2298
803,21707.574934,2298
804,21707.578410000002,2298
805,21707.581576,2298
806,21811.741194000002,2298
807,21811.756032,2298
808,21811.761101,2298
809,21811.766521,2298
810,21811.784726,2298
811,21811.789635,2298
812,21811.794765000002,2298
813,21811.798111,2298
814,21811.908269,2298
815,21811.916284000003,2298
816,21811.922105,2298
817,21811.927084000003,2298
818,21811.973652,2298
819,21811.979733,2298
820,21811.984893,2298
821,21811.990554,2298
822,21812.037713,2298
823,21812.043734000003,2298
824,21812.048653,2298
825,21812.053592,2298
826,21812.114297,2298
827,21812.12122,2298
828,21812.126209000002,2298
829,21812.131299,2298
830,21812.182666,2298
831,21812.188387000002,2298
832,21812.193216,2298
833,21812.198826,2298
834,21812.249071000002,2298
835,21812.255142,2298
836,21812.260713,2298
837,21812.266764,2298
838,21812.316548000003,2298
839,21812.333280000003,2298
840,21812.33853,2298
841,21812.34427,2298
842,21812.395777,2298
843,21812.402751,2298
844,21812.408371,2298
845,21812.417799000003,2298
846,21812.468665,2298
847,21812.474606,2298
848,21812.48181,2298
849,21812.491147,2298
850,21812.546191,2298
851,21812.552723,2298
852,21812.557693000002,2298
853,21812.567902000003,2298
854,21925.218104,2298
855,21925.231249,2298
856,21925.235907000002,2298
857,21925.240326000003,2298
858,21925.365592000002,2298
859,21925.372354000003,2298
860,21925.377614,2298
861,21925.384848,2298
862,21925.566270000003,2298
863,21925.57155,2298
864,21925.577942,2298
865,21925.581338,2298
866,22099.077793,2338
867,22099.09737,2338
868,22099.10222,2338
869,22099.105626,2338
870,22099.127778000002,2338
871,22099.134591000002,2338
872,22099.14473,2338
873,22099.151412000003,2338
874,22099.262462000002,2338
875,22099.27243,2338
876,22099.281117000002,2338
877,22099.286226,2338
878,22099.333095,2338
879,22099.339447000002,2338
880,22099.344516,2338
881,22099.349516000002,2338
882,22099.406443,2338
883,22099.413346,2338
884,22099.417905000002,2338
885,22099.423475,2338
886,22099.479140000003,2338
887,22099.485292,2338
888,22099.490742,2338
889,22099.496322000003,2338
890,22099.551146,2338
891,22099.560654,2338
892,22099.565623000002,2338
893,22099.571644,2338
894,22099.635495000002,2338
895,22099.646636,2338
896,22099.652126,2338
897,22099.657827000003,2338
898,22099.776831000003,2338
899,22099.782532,2338
900,22099.788132,2338
901,22099.79205,2338
902,22099.939217000003,2338
903,22099.944748,2338
904,22099.948595,2338
905,22099.952662,2338
906,22100.004971000002,2338
907,22100.012185,2338
908,22100.017675000003,2338
909,22100.024818,2338
910,22100.119487,2338
911,22100.124587000002,2338
912,22100.128023,2338
913,22100.131439,2338
914,22100.17967,2338
915,22100.185912,2338
916,22100.190661,2338
917,22100.195701,2338
918,22100.250434,2338
919,22100.258719,2338
920,22100.263859000002,2338
921,22100.26968,2338
922,22100.435843000003,2338
923,22100.442816000002,2338
924,22100.447104000003,2338
925,22100.450331,2338
926,22307.884627000003,2346
927,22307.898223,2346
928,22307.905226000003,2346
929,22307.909845000002,2346
930,22307.957505000002,2346
931,22307.963656,2346
932,22307.968435000003,2346
933,22307.975569000002,2346
934,22308.09817,2346
935,22308.107117,2346
936,22308.122325,2346
937,22308.131743,2346
938,22308.189622,2346
939,22308.196375,2346
940,22308.203258,2346
941,22308.210141,2346
942,22308.312644,2346
943,22308.319497,2346
944,22308.325088,2346
945,22308.346257,2346
946,22308.41672,2346
947,22308.423884,2346
948,22308.429605,2346
949,22308.435896000003,2346
950,22308.498795,2346
951,22308.506029,2346
952,22308.519644,2346
953,22308.526868,2346
954,22308.586300000003,2346
955,22308.600617,2346
956,22308.606648,2346
957,22308.612800000003,2346
958,22308.67134,2346
959,22308.681780000003,2346
960,22308.691719000002,2346
961,22308.699533000003,2346
962,22308.769235,2346
963,22308.776709,2346
964,22308.783582,2346
965,22308.790765,2346
966,22308.857391,2346
967,22308.86735,2346
968,22308.877088,2346
969,22308.887207,2346
970,22308.945257000003,2346
971,22308.956688000002,2346
972,22308.966156000002,2346
973,22308.971185000002,2346
974,22309.248408000003,2346
975,22309.256704000003,2346
976,22309.260280000002,2346
977,22309.264458,2346
978,22460.830235,2359
979,22460.850954,2359
980,22460.857256000003,2359
981,22460.861153,2359
982,22460.958597,2359
983,22460.963897,2359
984,22460.969878,2359
985,22460.973765000002,2359
986,22461.010925000002,2359
987,22461.016436,2359
988,22461.020764,2359
989,22461.024892,2359
990,22461.062873000003,2359
991,22461.067322000003,2359
992,22461.07167,2359
993,22461.076048000003,2359
994,22461.110132,2359
995,22461.115282000002,2359
996,22461.118949,2359
997,22461.122846000002,2359
998,22461.158063000003,2359
999,22461.16223,2359
1000,22461.166368000002,2359
1001,22461.170586,2359
1002,22461.308767000002,2359
1003,22461.314177,2359
1004,22461.319226,2359
1005,22461.32658,2359
1006,22461.446286000002,2359
1007,22461.452347000002,2359
1008,22461.456475000003,2359
1009,22461.461384000002,2359
1010,22461.501049000002,2359
1011,22461.505387,2359
1012,22461.509916000003,2359
1013,22461.54375,2359
1014,22461.584987000002,2359
1015,22461.590778,2359
1016,22461.596098,2359
1017,22461.602951,2359
1018,22461.63964,2359
1019,22461.643848,2359
1020,22461.650110000002,2359
1021,22461.655771,2359
1022,22461.807507,2359
1023,22461.814259000002,2359
1024,22461.818648,2359
1025,22461.824569,2359
1026,22606.924077,2360
1027,22606.935428,2360
1028,22606.939926000003,2360
1029,22606.946138000003,2360
1030,22607.023764,2360
1031,22607.028203,2360
1032,22607.031860000003,2360
1033,22607.035567000003,2360
1034,22607.177214000003,2360
1035,22607.182684000003,2360
1036,22607.187463000002,2360
1037,22607.191431000003,2360
1038,22607.294314000002,2360
1039,22607.299244,2360
1040,22607.30266,2360
1041,22607.306958,2360
1042,22607.401456,2360
1043,22607.410864,2360
1044,22607.415383,2360
1045,22607.418458,2360
1046,22607.540669,2360
1047,22607.545057000003,2360
1048,22607.548574,2360
1049,22607.552411,2360
1050,22607.654043000002,2360
1051,22607.658541,2360
1052,22607.661897,2360
1053,22607.667187000003,2360
1054,22607.765873,2360
1055,22607.769771000003,2360
1056,22607.773357000002,2360
1057,22607.776744000003,2360
1058,22607.85939,2360
1059,22607.863718,2360
1060,22607.868807000003,2360
1061,22607.874338,2360
1062,22607.928340000002,2360
1063,22607.934451,2360
1064,22607.942476,2360
1065,22607.947726000002,2360
1066,22608.094042,2360
1067,22608.098410000002,2360
1068,22608.101115,2360
1069,22608.104412,2360
1070,22870.820552,2360
1071,22870.835541,2360
1072,22870.840119,2360
1073,22870.843396,2360
1074,22871.04749,2360
1075,22871.050917,2360
1076,23474.970805,2434
1077,23474.985943,2434
1078,23760.980563,2435
1079,23760.993578,2435
1080,23760.998497,2435
1081,23761.003667,2435
1082,23761.081954,2435
1083,23901.229558000003,2441
1084,23901.2416,2441
1085,23901.245538000003,2441
1086,23901.249605,2441
1087,23901.478286,2441
1088,23901.4853,2441
1089,24182.799627,2487
1090,24182.814706,2487
1091,24182.820757,2487
1092,24182.825145000003,2487
1093,24182.874438000003,2487
1094,24182.879778000002,2487
1095,24182.883816,2487
1096,24182.888134,2487
1097,24183.005024000002,2487
1098,24183.011607,2487
1099,24183.015714,2487
1100,24183.019682000002,2487
1101,24183.125311,2487
1102,24183.130791,2487
1103,24183.135009,2487
1104,24183.138376000003,2487
1105,24625.951062,2531
1106,24625.969006000003,2531
1107,24625.979726,2531
1108,24625.984535,2531
1109,24626.030331,2531
1110,24626.037084,2531
1111,24626.041933,2531
1112,24626.046903000002,2531
1113,24626.176597,2531
1114,24626.182017000003,2531
1115,24626.188199,2531
1116,24626.192287,2531
1117,24626.259403,2531
1118,24626.264733,2531
1119,24626.26827,2531
1120,24626.271135000003,2531
1121,24774.19699,2531
1122,24774.208632,2531
1123,24774.213491000002,2531
1124,24774.217599,2531
1125,24774.234892,2531
1126,24774.238689,2531
1127,24774.241865,2531
1128,24774.246013,2531
1129,24774.316726,2531
1130,24774.321735,2531
1131,24774.327155000003,2531
1132,24774.330622,2531
1133,24774.360599,2531
1134,24774.364586,2531
1135,24774.367942,2531
1136,24774.373302,2531
1137,24774.420151000002,2531
1138,24774.424319,2531
1139,24774.428607,2531
1140,24774.433576000003,2531
1141,24912.578384,2531
1142,24912.59231,2531
1143,24912.59773,2531
1144,24912.602028,2531
1145,24912.628568,2531
1146,24912.632686,2531
1147,24912.636684,2531
1148,24912.640281,2531
1149,24912.773963,2531
1150,24912.778882000002,2531
1151,24912.782799,2531
1152,24912.787328000002,2531
1153,24912.86255,2531
1154,24912.866387000002,2531
1155,24912.871015,2531
1156,24912.874372000002,2531
1157,25075.569757,2533
1158,25075.581318,2533
1159,25075.586789,2533
1160,25075.590596000002,2533
1161,25075.607438000003,2533
1162,25075.611696,2533
1163,25075.615182,2533
1164,25075.618428,2533
1165,25075.71451,2533
1166,25075.721062,2533
1167,25075.725871000002,2533
1168,25075.729748,2533
1169,25199.010157,2533
1170,25199.026137,2533
1171,25199.030285,2533
1172,25199.034323,2533
1173,25199.052317,2533
1174,25199.055964000003,2533
1175,25199.058859,2533
1176,25199.062065000002,2533
1177,25199.151774,2533
1178,25199.156343000002,2533
1179,25199.160320000003,2533
1180,25199.163627,2533
1181,25199.196599000003,2533
1182,25199.200005000002,2533
1183,25199.203462,2533
1184,25199.206688000002,2533
1185,25375.123495,2533
1186,25375.135337,2533
1187,25375.139355000003,2533
1188,25375.143031,2533
1189,25505.301275,2533
1190,25505.31999,2533
1191,25505.323958,2533
1192,25505.327234,2533
1193,25505.365506000002,2533
1194,25505.371277000002,2533
1195,25505.375204,2533
1196,25505.379903,2533
1197,25505.545355000002,2533
1198,25505.550685000002,2533
1199,25505.554372000002,2533
1200,25505.557478000002,2533
1201,25505.602994,2533
1202,25505.612001,2533
1203,25505.615718,2533
1204,25505.618453000003,2533
1205,25505.650864000003,2533
1206,25505.656865,2533
1207,25505.659931000002,2533
1208,25505.662646,2533
1209,25505.693254,2533
1210,25505.696189000002,2533
1211,25505.698955,2533
1212,25505.703273000003,2533
1213,25505.766772000003,2533
1214,25505.770029000003,2533
1215,25505.772884,2533
1216,25505.775579,2533
1217,25598.957904000003,2533
1218,25598.973654,2533
1219,25598.979585,2533
1220,25598.983703,2533
1221,25598.999783000003,2533
1222,25599.003520000002,2533
1223,25599.006897000003,2533
1224,25599.009822,2533
1225,25599.126151,2533
1226,25599.129878,2533
1227,25599.134247,2533
1228,25599.137012000003,2533
1229,25774.065496000003,2533
1230,25774.081406,2533
1231,25774.086806000003,2533
1232,25774.090803000003,2533
1233,25774.132422000002,2533
1234,25774.135998,2533
1235,25774.139655000003,2533
1236,25774.142671,2533
1237,25899.72019,2533
1238,25899.737753,2533
1239,25899.742442000002,2533
1240,25899.746129000003,2533
1241,26302.248851,2533
1242,26922.039042,2533
1243,26922.053971,2533
1244,26922.057798,2533
1245,26961.07815,2533
1246,26961.093158,2533
1247,26961.096975,2533
1248,26961.100361,2533
1249,26961.147350000003,2533
1250,26961.150827,2533
1251,26961.153462000002,2533
1252,26961.156006,2533
1253,26968.211656,2533
1254,26968.220613,2533
1255,26968.22464,2533
1256,26968.227326,2533
1257,26968.239979,2533
1258,26968.243376000002,2533
1259,26968.246111,2533
1260,26968.248375000003,2533
1261,26968.368742000002,2533
1262,26968.373170000003,2533
1263,26968.375575000002,2533
1264,26968.37826,2533
1265,26978.331491,2533
1266,26978.343865000003,2533
1267,26978.347822,2533
1268,26978.351529,2533
1269,26978.368401,2533
1270,26978.372308,2533
1271,26978.375194,2533
1272,26978.378370000002,2533
1273,26978.502153,2533
1274,26978.506411000002,2533
1275,26978.508806,2533
1276,26978.511631,2533
1277,26984.791258,2533
1278,26984.801497,2533
1279,26984.805755,2533
1280,26984.808851,2533
1281,26984.886197,2533
1282,26984.889553,2533
1283,26984.893180000003,2533
1284,26984.895494,2533
1285,26986.924369,2533
1286,26986.931372000003,2533
1287,26986.934358000002,2533
1288,26986.936892,2533
1289,26986.949536,2533
1290,26986.952381000003,2533
1291,26986.954576,2533
1292,26986.957551,2533
1293,26987.03658,2533
1294,26987.040558,2533
1295,26987.043543,2533
1296,26987.046218,2533
1297,26987.086334,2533
1298,26987.089320000003,2533
1299,26987.091404000003,2533
1300,26987.094049000003,2533
1301,26988.592423000002,2533
1302,26988.598214,2533
1303,26988.601109000003,2533
1304,26988.603464,2533
1305,26988.619153,2533
1306,26988.622319000002,2533
1307,26988.625125000002,2533
1308,26988.62774,2533
1309,26988.700356,2533
1310,26988.704164000002,2533
1311,26988.707279000002,2533
1312,26988.709454,2533
1313,26988.746784000003,2533
1314,26988.754438,2533
1315,26988.760159,2533
1316,26988.763676000002,2533
1317,26989.819516,2533
1318,26989.824926,2533
1319,26989.827872,2533
1320,26989.830667000002,2533
1321,26989.843311,2533
1322,26989.852428000002,2533
1323,26989.854823,2533
1324,26989.857247,2533
1325,26989.902683,2533
1326,26989.906129000003,2533
1327,26989.908444,2533
1328,26989.91171,2533
1329,26989.984277,2533
1330,26989.987573000002,2533
1331,26989.989897000003,2533
1332,26989.992302000002,2533
1333,26990.617009,2533
1334,26990.622129000003,2533
1335,26990.625074,2533
1336,26990.627759000003,2533
1337,26990.638229,2533
1338,26990.640614,2533
1339,26990.642948,2533
1340,26990.645072000003,2533
1341,26991.150835,2533
1342,26991.155404,2533
1343,26991.158299000002,2533
1344,26991.160884,2533
1345,26991.172156,2533
1346,26991.17435,2533
1347,26991.176784000003,2533
1348,26991.17974,2533
1349,26991.221609,2533
1350,26991.226177,2533
1351,26991.228642000002,2533
1352,26991.231037,2533
1353,26991.276592000002,2533
1354,26991.28037,2533
1355,26991.283686000002,2533
1356,26991.286882,2533
1357,26991.321938,2533
1358,26991.325374,2533
1359,26991.328080000003,2533
1360,26991.330604000002,2533
1361,26991.361152,2533
1362,26991.364278,2533
1363,26991.367173000002,2533
1364,26991.369397000002,2533
1365,26991.402289,2533
1366,26991.405465,2533
1367,26991.408030000002,2533
1368,26991.410525000003,2533
1369,26991.953929000003,2533
1370,26991.958037,2533
1371,26991.961033,2533
1372,26991.963628,2533
1373,26992.456827,2533
1374,26992.478628,2533
1375,26992.483588000003,2533
1376,26992.486704000003,2533
1377,26993.209045,2533
1378,26993.213403,2533
1379,26993.216299,2533
1380,26993.218723,2533
1381,26993.502168000003,2533
1382,26993.507017,2533
1383,26993.509652,2533
1384,26993.512197,2533
1385,26993.533096000003,2533
1386,26993.535971,2533
1387,26993.538857,2533
1388,26993.541883,2533
1389,26993.576608000003,2533
1390,26993.579714,2533
1391,26993.58307,2533
1392,26993.585896,2533
1393,26993.613007,2533
1394,26993.616112,2533
1395,26993.619319,2533
1396,26993.621793000002,2533
1397,26993.654405,2533
1398,26993.657671,2533
1399,26993.660246000003,2533
1400,26993.663251,2533
1401,26993.692506000003,2533
1402,26993.695272,2533
1403,26993.698187,2533
1404,26993.700662000003,2533
1405,26993.731821,2533
1406,26993.735387,2533
1407,26993.738032,2533
1408,26993.740567,2533
1409,26993.769962000002,2533
1410,26993.772768000003,2533
1411,26993.775272000003,2533
1412,26993.777968000002,2533
1413,26993.806932,2533
1414,26993.809768000003,2533
1415,26993.812823,2533
1416,26993.815358,2533
1417,26993.858439,2533
1418,26993.861575000003,2533
1419,26993.86414,2533
1420,26993.866855,2533
1421,26993.894848,2533
1422,26993.897723000002,2533
1423,26993.900559,2533
1424,26993.902843,2533
1425,26993.935384,2533
1426,26993.938390000003,2533
1427,26993.940794000002,2533
1428,26993.943199,2533
1429,26993.970721,2533
1430,26993.973526,2533
1431,26993.97575,2533
1432,26993.977884,2533
1433,26994.004064,2533
1434,26994.006609,2533
1435,26994.009424,2533
1436,26994.011578,2533
1437,26994.038098,2533
1438,26994.040853000002,2533
1439,26994.043087000002,2533
1440,26994.045332,2533
1441,26994.070779,2533
1442,26994.073555000003,2533
1443,26994.075538,2533
1444,26994.077452,2533
1445,26994.10279,2533
1446,26994.105244000002,2533
1447,26994.107629000002,2533
1448,26994.109743,2533
1449,26994.137866,2533
1450,26994.140461000003,2533
1451,26994.142785,2533
1452,26994.144889000003,2533
1453,26994.17163,2533
1454,26994.174405,2533
1455,26994.17741,2533
1456,26994.180005000002,2533
1457,26994.206535,2533
1458,26994.209521,2533
1459,26994.212156,2533
1460,26994.214210000002,2533
1461,26994.239708,2533
1462,26994.242152000003,2533
1463,26994.244487,2533
1464,26994.246831,2533
1465,26994.273492,2533
1466,26994.275996,2533
1467,26994.27816,2533
1468,26994.280234,2533
1469,26994.307105,2533
1470,26994.309650000003,2533
1471,26994.312004000003,2533
1472,26994.314589,2533
1473,26994.341179000003,2533
1474,26994.344085,2533
1475,26994.346239000002,2533
1476,26994.348463000002,2533
1477,26994.376145000002,2533
1478,26994.37897,2533
1479,26994.381435000003,2533
1480,26994.383629,2533
1481,26994.409077,2533
1482,26994.411552,2533
1483,26994.414387,2533
1484,26994.417333,2533
1485,26994.456336000003,2533
1486,26994.459342000002,2533
1487,26994.462538,2533
1488,26994.464672000002,2533
1489,26994.493476,2533
1490,26994.496061,2533
1491,26994.498345,2533
1492,26994.501121,2533
1493,26994.554822000002,2533
1494,26994.558278,2533
1495,26994.560793,2533
1496,26994.563498,2533
1497,26994.570732,2533
1498,26994.573196,2533
1499,26994.575431,2533
1500,26994.577795,2533
1501,26994.606770000002,2533
1502,26994.609615,2533
1503,26994.61214,2533
1504,26994.614374,2533
1505,26994.640103,2533
1506,26994.642707000003,2533
1507,26994.645222000003,2533
1508,26994.647737000003,2533
1509,26994.674167,2533
1510,26994.676972,2533
1511,26994.679597000002,2533
1512,26994.681901,2533
1513,26994.708612000002,2533
1514,26994.711617,2533
1515,26994.714062000003,2533
1516,26994.716577000003,2533
1517,26994.742285,2533
1518,26994.745010000002,2533
1519,26994.748837000003,2533
1520,26994.751563,2533
1521,26994.787791000002,2533
1522,26994.790797,2533
1523,26994.793161,2533
1524,26994.795515,2533
1525,26994.822546000003,2533
1526,26994.825352,2533
1527,26994.827907000003,2533
1528,26994.83001,2533
1529,26994.8776,2533
1530,26994.881427,2533
1531,26994.883591,2533
1532,26994.886767,2533
1533,26994.921403,2533
1534,26994.923867,2533
1535,26994.925841,2533
1536,26994.927765,2533
1537,26994.955136,2533
1538,26994.957531,2533
1539,26994.959605,2533
1540,26994.961729000002,2533
1541,26994.986586000003,2533
1542,26994.98906,2533
1543,26994.991305,2533
1544,26994.993869,2533
1545,26995.020139,2533
1546,26995.022553000003,2533
1547,26995.024657,2533
1548,26995.026902,2533
1549,26995.074932,2533
1550,26995.077547,2533
1551,26995.080002000002,2533
1552,26995.082526000002,2533
1553,26995.110479000003,2533
1554,26995.112994000003,2533
1555,26995.115218000003,2533
1556,26995.117352,2533
1557,26995.143872,2533
1558,26995.146397,2533
1559,26995.148641,2533
1560,26995.150795,2533
1561,26995.177105000002,2533
1562,26995.179359,2533
1563,26995.181713,2533
1564,26995.183747000003,2533
1565,26995.210748,2533
1566,26995.213173,2533
1567,26995.215267,2533
1568,26995.21729,2533
1569,26995.245253,2533
1570,26995.247608,2533
1571,26995.249782000003,2533
1572,26995.251876000002,2533
1573,26995.284728000002,2533
1574,26995.287072000003,2533
1575,26995.289677,2533
1576,26995.292021,2533
1577,26995.318982,2533
1578,26995.322389,2533
1579,26995.324873,2533
1580,26995.326887000003,2533
1581,26995.353848000002,2533
1582,26995.356262,2533
1583,26995.358847,2533
1584,26995.361482,2533
1585,26995.388032000003,2533
1586,26995.390838000003,2533
1587,26995.393062000003,2533
1588,26995.395617000002,2533
1589,26995.435101000003,2533
1590,26995.438988,2533
1591,26995.441593,2533
1592,26995.444238,2533
1593,26995.493110000003,2533
1594,26995.495826000002,2533
1595,26995.498841,2533
1596,26995.501687,2533
1597,26995.527906000003,2533
1598,26995.530321000002,2533
1599,26995.532404,2533
1600,26995.535210000002,2533
1601,26995.570877000002,2533
1602,26995.575536,2533
1603,26995.577670000002,2533
1604,26995.580144,2533
1605,26995.607466,2533
1606,26995.60974,2533
1607,26995.611684,2533
1608,26995.613588,2533
1609,26995.641009000003,2533
1610,26995.643544000002,2533
1611,26995.645708,2533
1612,26995.647952000003,2533
1613,26995.684922,2533
1614,26995.687627000003,2533
1615,26995.690272,2533
1616,26995.692496,2533
1617,26995.722713000003,2533
1618,26995.726560000003,2533
1619,26995.728755,2533
1620,26995.73138,2533
1621,26995.758741,2533
1622,26995.761607,2533
1623,26995.763871000003,2533
1624,26995.765804000002,2533
1625,26995.792164000002,2533
1626,26995.794669000003,2533
1627,26995.796743000003,2533
1628,26995.798987000002,2533
1629,26995.832250000003,2533
1630,26995.834454,2533
1631,26995.836838000003,2533
1632,26995.839163,2533
1633,26995.875070000002,2533
1634,26995.877615,2533
1635,26995.879759000003,2533
1636,26995.881913,2533
1637,26995.911559,2533
1638,26995.914154000002,2533
1639,26995.916859,2533
1640,26995.918973,2533
1641,26995.944702,2533
1642,26995.947617,2533
1643,26995.949911,2533
1644,26995.952066,2533
1645,26995.987793,2533
1646,26995.990458,2533
1647,26995.992812,2533
1648,26995.995287,2533
1649,26996.024161,2533
1650,26996.026857,2533
1651,26996.029271000003,2533
1652,26996.031495000003,2533
1653,26996.056482,2533
1654,26996.059318,2533
1655,26996.061452,2533
1656,26996.063816,2533
1657,26996.090587000002,2533
1658,26996.093172,2533
1659,26996.095967,2533
1660,26996.097991000002,2533
1661,26996.124030000003,2533
1662,26996.126595,2533
1663,26996.12943,2533
1664,26996.133968000002,2533
1665,26996.172782,2533
1666,26996.175146,2533
1667,26996.177320000003,2533
1668,26996.179324,2533
1669,26996.203840000002,2533
1670,26996.206325000003,2533
1671,26996.208659,2533
1672,26996.210813,2533
1673,26996.235360000002,2533
1674,26996.238025000002,2533
1675,26996.240008,2533
1676,26996.242212,2533
1677,26996.268522000002,2533
1678,26996.272339000003,2533
1679,26996.274523,2533
1680,26996.276497000003,2533
1681,26996.308227,2533
1682,26996.310992000002,2533
1683,26996.313256,2533
1684,26996.315901,2533
1685,26996.343133000002,2533
1686,26996.345357000002,2533
1687,26996.347802,2533
1688,26996.349996,2533
1689,26996.376065,2533
1690,26996.378800000002,2533
1691,26996.380764,2533
1692,26996.382787000002,2533
1693,26996.410279,2533
1694,26996.412744,2533
1695,26996.415259,2533
1696,26996.417453000002,2533
1697,26996.444243,2533
1698,26996.446728000003,2533
1699,26996.449002,2533
1700,26996.451086,2533
1701,26996.505609,2533
1702,26996.509176,2533
1703,26996.51149,2533
1704,26996.513604,2533
1705,26996.565412,2533
1706,26996.568207,2533
1707,26996.570672,2533
1708,26996.573186,2533
1709,26996.619544,2533
1710,26996.622089,2533
1711,26996.624683000002,2533
1712,26996.626517,2533
1713,26996.653888,2533
1714,26996.656544,2533
1715,26996.658768,2533
1716,26996.660781000002,2533
1717,26996.686380000003,2533
1718,26996.688874000003,2533
1719,26996.691119000003,2533
1720,26996.693313,2533
1721,26996.72365,2533
1722,26996.726515000002,2533
1723,26996.728730000003,2533
1724,26996.731094000002,2533
1725,26996.758035000003,2533
1726,26996.761201,2533
1727,26996.763435,2533
1728,26996.765579000003,2533
1729,26996.791548,2533
1730,26996.794223,2533
1731,26996.796618,2533
1732,26996.798962,2533
1733,26996.82455,2533
1734,26996.827696,2533
1735,26996.83,2533
1736,26996.832615000003,2533
1737,26996.866970000003,2533
1738,26996.870136,2533
1739,26996.872491000002,2533
1740,26996.874815000003,2533
1741,26996.914269,2533
1742,26996.917335000002,2533
1743,26996.921162000002,2533
1744,26996.923336,2533
1745,26996.960557000002,2533
1746,26996.963823000002,2533
1747,26996.966057,2533
1748,26996.968722,2533
1749,26997.000953000002,2533
1750,26997.004149,2533
1751,26997.007034000002,2533
1752,26997.009339,2533
1753,26997.037361000002,2533
1754,26997.039896000002,2533
1755,26997.042711000002,2533
1756,26997.044635000002,2533
1757,26997.071175,2533
1758,26997.07399,2533
1759,26997.076595000002,2533
1760,26997.080192,2533
1761,26997.108495,2533
1762,26997.111561,2533
1763,26997.114096,2533
1764,26997.11622,2533
1765,26997.144644,2533
1766,26997.147439,2533
1767,26997.150455000003,2533
1768,26997.155514000002,2533
1769,26997.193315,2533
1770,26997.19564,2533
1771,26997.197904,2533
1772,26997.200228,2533
1773,26997.227430000003,2533
1774,26997.229834,2533
1775,26997.232008000003,2533
1776,26997.240274,2533
1777,26997.268176,2533
1778,26997.270801000002,2533
1779,26997.273116,2533
1780,26997.27516,2533
1781,26997.302241,2533
1782,26997.304856000002,2533
1783,26997.307380000002,2533
1784,26997.309645,2533
1785,26997.337156,2533
1786,26997.339461,2533
1787,26997.341525,2533
1788,26997.343709,2533
1789,26997.377823000003,2533
1790,26997.380288,2533
1791,26997.382412000003,2533
1792,26997.384646000002,2533
1793,26997.411547,2533
1794,26997.417849,2533
1795,26997.422948000003,2533
1796,26997.428358,2533
1797,26997.461942,2533
1798,26997.464657,2533
1799,26997.466851,2533
1800,26997.468885000002,2533
1801,26997.494192000002,2533
1802,26997.496617,2533
1803,26997.498581,2533
1804,26997.500735,2533
1805,26997.527716,2533
1806,26997.52983,2533
1807,26997.531904000003,2533
1808,26997.534178,2533
1809,26997.563273,2533
1810,26997.566288,2533
1811,26997.568503000002,2533
1812,26997.570657,2533
1813,26997.597848,2533
1814,26997.600222,2533
1815,26997.602376000003,2533
1816,26997.605422,2533
1817,26997.632393,2533
1818,26997.634707,2533
1819,26997.636962,2533
1820,26997.639456,2533
1821,26997.686765000002,2533
1822,26997.689621,2533
1823,26997.691735,2533
1824,26997.694179000002,2533
1825,26997.722292000002,2533
1826,26997.725218,2533
1827,26997.727142,2533
1828,26997.729175,2533
1829,26997.755245,2533
1830,26997.759082,2533
1831,26997.761406,2533
1832,26997.763901000002,2533
1833,26997.793386,2533
1834,26997.796102,2533
1835,26997.798206000003,2533
1836,26997.80048,2533
1837,26997.826569,2533
1838,26997.829164000002,2533
1839,26997.831879,2533
1840,26997.834173000003,2533
1841,26999.389064000003,2533
1842,26999.400646000002,2533
1843,26999.403892000002,2533
1844,26999.406237000003,2533
1845,26999.420473000002,2533
1846,26999.423319,2533
1847,26999.425733,2533
1848,26999.428348,2533
1849,26999.50359,2533
1850,26999.507157,2533
1851,26999.509842000003,2533
1852,26999.513048,2533
1853,26999.543295000003,2533
1854,26999.546581000002,2533
1855,26999.548895,2533
1856,26999.551931,2533
1857,26999.595764,2533
1858,26999.603258000003,2533
1859,26999.609199000002,2533
1860,26999.611524,2533
1861,26999.729826000003,2533
1862,26999.733213,2533
1863,26999.736088,2533
1864,26999.738793,2533
1865,26999.771876000003,2533
1866,26999.775042,2533
1867,26999.778458,2533
1868,26999.780963,2533
1869,26999.809907000003,2533
1870,26999.813164000003,2533
1871,26999.815879,2533
1872,26999.821239,2533
1873,26999.919384,2533
1874,26999.923001000003,2533
1875,26999.925716,2533
1876,26999.929062000003,2533
1877,27000.002821000002,2533
1878,27000.006889,2533
1879,27000.009904000002,2533
1880,27000.013441000003,2533
1881,27000.044259000002,2533
1882,27000.047515000002,2533
1883,27000.050581,2533
1884,27000.053256000003,2533
1885,27000.084725,2533
1886,27000.087952,2533
1887,27000.090897000002,2533
1888,27000.093732,2533
1889,27000.122747,2533
1890,27000.125963000002,2533
1891,27000.129029,2533
1892,27000.131484,2533
1893,27000.161620000003,2533
1894,27000.164005000002,2533
1895,27000.166029,2533
1896,27000.168203,2533
1897,27000.239427,2533
1898,27000.242473000002,2533
1899,27000.245058,2533
1900,27000.247392,2533
1901,27000.291575000003,2533
1902,27000.294862000002,2533
1903,27000.296986,2533
1904,27000.29919,2533
1905,27000.333695,2533
1906,27000.33642,2533
1907,27000.338684000002,2533
1908,27000.340778,2533
1909,27000.380673,2533
1910,27000.383328,2533
1911,27000.385583000003,2533
1912,27000.38966,2533
1913,27000.417954,2533
1914,27000.420699000002,2533
1915,27000.422723,2533
1916,27000.425107000003,2533
1917,27000.466525,2533
1918,27000.46886,2533
1919,27000.470984,2533
1920,27000.473178,2533
1921,27000.501190000003,2533
1922,27000.503956,2533
1923,27000.50617,2533
1924,27000.508695,2533
1925,27000.537629000002,2533
1926,27000.540324,2533
1927,27000.542769,2533
1928,27000.544923,2533
1929,27000.572355,2533
1930,27000.574940000002,2533
1931,27000.576983000003,2533
1932,27000.579328,2533
1933,27000.620175,2533
1934,27000.623231,2533
1935,27000.625555000002,2533
1936,27000.627559,2533
1937,27000.655201,2533
1938,27000.658337,2533
1939,27000.662725000002,2533
1940,27000.667724000003,2533
1941,27000.69711,2533
1942,27000.700136000003,2533
1943,27000.70263,2533
1944,27000.705125,2533
1945,27000.733769000002,2533
1946,27000.736664,2533
1947,27000.739089000002,2533
1948,27000.741634,2533
1949,27000.768825000003,2533
1950,27000.772161,2533
1951,27000.774656,2533
1952,27000.777201,2533
1953,27000.816415,2533
1954,27000.8192,2533
1955,27000.821805,2533
1956,27000.824490000003,2533
1957,27000.870847000002,2533
1958,27000.874063000003,2533
1959,27000.876257,2533
1960,27000.878812000003,2533
1961,27000.907406000002,2533
1962,27000.910602,2533
1963,27000.913237,2533
1964,27000.915672000003,2533
1965,27000.944055,2533
1966,27000.947021,2533
1967,27000.949666,2533
1968,27000.952662,2533
1969,27000.991405,2533
1970,27000.99435,2533
1971,27000.997306,2533
1972,27001.000251,2533
1973,27001.055565000002,2533
1974,27001.058691000002,2533
1975,27001.061417,2533
1976,27001.063891,2533
1977,27001.094699,2533
1978,27001.097675,2533
1979,27001.10036,2533
1980,27001.102644000002,2533
1981,27001.143772000003,2533
1982,27001.148751,2533
1983,27001.151116,2533
1984,27001.15347,2533
1985,27001.201210000003,2533
1986,27001.203855,2533
1987,27001.206009,2533
1988,27001.208143,2533
1989,27001.248199,2533
1990,27001.250673000002,2533
1991,27001.252867000003,2533
1992,27001.255102000003,2533
1993,27001.283385000002,2533
1994,27001.28585,2533
1995,27001.288194,2533
1996,27001.290278,2533
1997,27001.318641,2533
1998,27001.321186,2533
1999,27001.323190000003,2533
2000,27001.325584000002,2533
2001,27001.353327,2533
2002,27001.356072000002,2533
2003,27001.358647,2533
2004,27001.361753,2533
2005,27001.400305000003,2533
2006,27001.40291,2533
2007,27001.405445,2533
2008,27001.407759,2533
2009,27001.468845000003,2533
2010,27001.472201,2533
2011,27001.474746,2533
2012,27001.477140000003,2533
2013,27001.509191,2533
2014,27001.512046,2533
2015,27001.51425,2533
2016,27001.516645,2533
2017,27001.545469,2533
2018,27001.550659,2533
2019,27001.555608000002,2533
2020,27001.560688,2533
2021,27001.617445,2533
2022,27001.62036,2533
2023,27001.622594,2533
2024,27001.625279,2533
2025,27001.677177,2533
2026,27001.679912,2533
2027,27001.682277,2533
2028,27001.684531000003,2533
2029,27001.719547,2533
2030,27001.722102,2533
2031,27001.724316,2533
2032,27001.726590000002,2533
2033,27001.772287,2533
2034,27001.774911,2533
2035,27001.777206000002,2533
2036,27001.77948,2533
2037,27001.814065000002,2533
2038,27001.81664,2533
2039,27001.818724,2533
2040,27001.820808,2533
2041,27001.866073,2533
2042,27001.868768,2533
2043,27001.870963,2533
2044,27001.873036,2533
2045,27001.927489,2533
2046,27001.930014,2533
2047,27001.932529,2533
2048,27001.934522,2533
2049,27001.961934000003,2533
2050,27001.964749000002,2533
2051,27001.966753,2533
2052,27001.969017000003,2533
2053,27001.998323,2533
2054,27002.000747000002,2533
2055,27002.003011,2533
2056,27002.005115,2533
2057,27002.035633,2533
2058,27002.038378,2533
2059,27002.040342,2533
2060,27002.042416,2533
2061,27002.080077000002,2533
2062,27002.082932,2533
2063,27002.085437,2533
2064,27002.087751000003,2533
2065,27002.123859000003,2533
2066,27002.126264000002,2533
2067,27002.128528,2533
2068,27002.130772,2533
2069,27002.17177,2533
2070,27002.174455,2533
2071,27002.176829,2533
2072,27002.178973000002,2533
2073,27002.227104,2533
2074,27002.232394000002,2533
2075,27002.237263000003,2533
2076,27002.24105,2533
2077,27002.301103,2533
2078,27002.303748000002,2533
2079,27002.305702,2533
2080,27002.307686,2533
2081,27002.353672,2533
2082,27002.356388,2533
2083,27002.358421,2533
2084,27002.360595000002,2533
2085,27002.414527,2533
2086,27002.419927000003,2533
2087,27002.422192,2533
2088,27002.426910000002,2533
2089,27002.482165,2533
2090,27002.48516,2533
2091,27002.487645,2533
2092,27002.489699,2533
2093,27002.524615000002,2533
2094,27002.52761,2533
2095,27002.529835,2533
2096,27002.532359,2533
2097,27002.623942000002,2533
2098,27002.627459000003,2533
2099,27002.629963000003,2533
2100,27002.632067000002,2533
2101,27002.67047,2533
2102,27002.673395,2533
2103,27002.675649,2533
2104,27002.677884,2533
2105,27002.722918000003,2533
2106,27002.725724,2533
2107,27002.727758,2533
2108,27002.730012,2533
2109,27002.769516,2533
2110,27002.772462,2533
2111,27002.774486000002,2533
2112,27002.77662,2533
TOTAL,27003.540079000002,2533
